<?xml version="1.0" encoding="UTF-8"?>
<!-- Generated by org.testng.reporters.JUnitReportReporter -->
<testsuite hostname="DESKTOP-G162LF5" name="Com.Assignment_1.SetBrowserWindowSize" tests="1" failures="0" timestamp="27 Oct 2020 10:54:52 GMT" time="0.563" errors="0">
  <testcase name="SetSizeWindow" time="0.563" classname="Com.Assignment_1.SetBrowserWindowSize"/>
</testsuite> <!-- Com.Assignment_1.SetBrowserWindowSize -->
