<?xml version="1.0" encoding="UTF-8"?>
<!-- Generated by org.testng.reporters.JUnitReportReporter -->
<testsuite hostname="DESKTOP-G162LF5" name="Com.Assignment_1.ScrollWebPage" tests="1" failures="0" timestamp="27 Oct 2020 10:52:33 GMT" time="0.051" errors="0">
  <testcase name="ScrollScript" time="0.051" classname="Com.Assignment_1.ScrollWebPage"/>
</testsuite> <!-- Com.Assignment_1.ScrollWebPage -->
