<?xml version="1.0" encoding="UTF-8"?>
<!-- Generated by org.testng.reporters.JUnitReportReporter -->
<testsuite hostname="DESKTOP-G162LF5" name="Com.Assignment3.TabHandling" tests="1" failures="0" timestamp="29 Oct 2020 11:58:43 GMT" time="83.953" errors="0">
  <testcase name="tabHandling" time="83.953" classname="Com.Assignment3.TabHandling"/>
</testsuite> <!-- Com.Assignment3.TabHandling -->
