<?xml version="1.0" encoding="UTF-8"?>
<!-- Generated by org.testng.reporters.JUnitReportReporter -->
<testsuite hostname="DESKTOP-G162LF5" name="Com.Assignment2.DataProvider" tests="1" failures="0" timestamp="28 Oct 2020 16:57:04 GMT" time="10.997" errors="0">
  <testcase name="signIn" time="10.997" classname="Com.Assignment2.DataProvider"/>
</testsuite> <!-- Com.Assignment2.DataProvider -->
