<?xml version="1.0" encoding="UTF-8"?>
<!-- Generated by org.testng.reporters.JUnitReportReporter -->
<testsuite hostname="DESKTOP-G162LF5" name="Com.Assignment_1.ReadPropertyFile" tests="1" failures="0" timestamp="2 Nov 2020 12:45:58 GMT" time="39.734" errors="0">
  <testcase name="signIn" time="39.734" classname="Com.Assignment_1.ReadPropertyFile"/>
</testsuite> <!-- Com.Assignment_1.ReadPropertyFile -->
