<?xml version="1.0" encoding="UTF-8"?>
<!-- Generated by org.testng.reporters.JUnitReportReporter -->
<testsuite hostname="DESKTOP-G162LF5" name="Com.Assignment3.ScreenshotOfWebPage" tests="1" failures="0" timestamp="28 Oct 2020 17:12:07 GMT" time="73.724" errors="0">
  <testcase name="ScreenShotCapture" time="73.724" classname="Com.Assignment3.ScreenshotOfWebPage"/>
</testsuite> <!-- Com.Assignment3.ScreenshotOfWebPage -->
