<?xml version="1.0" encoding="UTF-8"?>
<!-- Generated by org.testng.reporters.JUnitReportReporter -->
<testsuite hostname="DESKTOP-G162LF5" name="Com.Assignment3.ExcelFileUsingApachePOI" tests="1" failures="0" timestamp="28 Oct 2020 18:20:38 GMT" time="1.374" errors="0">
  <testcase name="readExcelFile" time="1.374" classname="Com.Assignment3.ExcelFileUsingApachePOI"/>
</testsuite> <!-- Com.Assignment3.ExcelFileUsingApachePOI -->
