<?xml version="1.0" encoding="UTF-8"?>
<!-- Generated by org.testng.reporters.JUnitReportReporter -->
<testsuite hostname="DESKTOP-G162LF5" name="Com.Assignment3.VerifingCodeForTwoDifferantAreas" tests="1" failures="0" timestamp="29 Oct 2020 11:18:05 GMT" time="308.750" errors="0">
  <testcase name="verifyPinForAreas" time="308.750" classname="Com.Assignment3.VerifingCodeForTwoDifferantAreas"/>
</testsuite> <!-- Com.Assignment3.VerifingCodeForTwoDifferantAreas -->
