<?xml version="1.0" encoding="UTF-8"?>
<!-- Generated by org.testng.reporters.JUnitReportReporter -->
<testsuite hostname="DESKTOP-G162LF5" name="Com.Assignment2.PassingParameterUsingDataProvider2" tests="1" failures="0" timestamp="28 Oct 2020 16:46:26 GMT" time="30.101" errors="0">
  <testcase name="signIn" time="30.101" classname="Com.Assignment2.PassingParameterUsingDataProvider2"/>
</testsuite> <!-- Com.Assignment2.PassingParameterUsingDataProvider2 -->
