<?xml version="1.0" encoding="UTF-8"?>
<!-- Generated by org.testng.reporters.JUnitReportReporter -->
<testsuite hostname="DESKTOP-G162LF5" name="Com.Assignment2.ExtendReport" tests="1" failures="0" timestamp="28 Oct 2020 17:04:28 GMT" time="33.377" errors="0">
  <testcase name="extentReportsDemo" time="33.377" classname="Com.Assignment2.ExtendReport"/>
</testsuite> <!-- Com.Assignment2.ExtendReport -->
