<?xml version="1.0" encoding="UTF-8"?>
<!-- Generated by org.testng.reporters.JUnitReportReporter -->
<testsuite hostname="DESKTOP-G162LF5" name="Com.Assignment3.GoogleAccountUsingGetAttribute" tests="5" failures="0" timestamp="29 Oct 2020 10:22:26 GMT" time="5.686" errors="0">
  <testcase name="getAttribute_Password" time="0.067" classname="Com.Assignment3.GoogleAccountUsingGetAttribute"/>
  <testcase name="getAttribute_ConfirmPassword" time="5.269" classname="Com.Assignment3.GoogleAccountUsingGetAttribute"/>
  <testcase name="getAttribute_LastName" time="0.107" classname="Com.Assignment3.GoogleAccountUsingGetAttribute"/>
  <testcase name="getAttribute_UserName" time="0.072" classname="Com.Assignment3.GoogleAccountUsingGetAttribute"/>
  <testcase name="getAttribute_FirstName" time="0.171" classname="Com.Assignment3.GoogleAccountUsingGetAttribute"/>
</testsuite> <!-- Com.Assignment3.GoogleAccountUsingGetAttribute -->
