<?xml version="1.0" encoding="UTF-8"?>
<!-- Generated by org.testng.reporters.JUnitReportReporter -->
<testsuite hostname="DESKTOP-G162LF5" name="Com.Assignment_1.FindBrokenLink" tests="1" failures="0" timestamp="27 Oct 2020 10:57:56 GMT" time="3.467" errors="0">
  <testcase name="brokenLink" time="3.467" classname="Com.Assignment_1.FindBrokenLink"/>
</testsuite> <!-- Com.Assignment_1.FindBrokenLink -->
